<?xml version="1.0" encoding="utf-8"?><testsuites name="pytest tests"><testsuite name="pytest" errors="0" failures="0" skipped="0" tests="10" time="0.550" timestamp="2026-01-30T21:34:02.606060+00:00" hostname="agent-env-e3f1cff7-5895-45ef-a79a-dd2f0feb6295"><testcase classname="backend.tests.test_waitlist_api.TestHealthCheck" name="test_health_endpoint" time="0.062" /><testcase classname="backend.tests.test_waitlist_api.TestWaitlistAPI" name="test_waitlist_submission_success" time="0.038" /><testcase classname="backend.tests.test_waitlist_api.TestWaitlistAPI" name="test_waitlist_submission_minimal" time="0.039" /><testcase classname="backend.tests.test_waitlist_api.TestWaitlistAPI" name="test_waitlist_duplicate_email" time="0.080" /><testcase classname="backend.tests.test_waitlist_api.TestWaitlistAPI" name="test_waitlist_count" time="0.038" /><testcase classname="backend.tests.test_waitlist_api.TestLawyerInterestAPI" name="test_lawyer_interest_submission_success" time="0.038" /><testcase classname="backend.tests.test_waitlist_api.TestLawyerInterestAPI" name="test_lawyer_interest_minimal" time="0.044" /><testcase classname="backend.tests.test_waitlist_api.TestLawyerInterestAPI" name="test_lawyer_interest_duplicate_email" time="0.073" /><testcase classname="backend.tests.test_waitlist_api.TestLawyerInterestAPI" name="test_lawyer_interest_count" time="0.036" /><testcase classname="backend.tests.test_waitlist_api.TestLawyersAPI" name="test_lawyers_list" time="0.037" /></testsuite></testsuites>