<?xml version="1.0" encoding="utf-8"?><testsuites name="pytest tests"><testsuite name="pytest" errors="0" failures="2" skipped="0" tests="10" time="0.625" timestamp="2026-01-30T21:33:35.528463+00:00" hostname="agent-env-e3f1cff7-5895-45ef-a79a-dd2f0feb6295"><testcase classname="backend.tests.test_waitlist_api.TestHealthCheck" name="test_health_endpoint" time="0.072" /><testcase classname="backend.tests.test_waitlist_api.TestWaitlistAPI" name="test_waitlist_submission_success" time="0.043" /><testcase classname="backend.tests.test_waitlist_api.TestWaitlistAPI" name="test_waitlist_submission_minimal" time="0.054"><failure message="assert 520 == 200&#10; +  where 520 = &lt;Response [520]&gt;.status_code">backend/tests/test_waitlist_api.py:67: in test_waitlist_submission_minimal
    assert response.status_code == 200
E   assert 520 == 200
E    +  where 520 = &lt;Response [520]&gt;.status_code</failure></testcase><testcase classname="backend.tests.test_waitlist_api.TestWaitlistAPI" name="test_waitlist_duplicate_email" time="0.081" /><testcase classname="backend.tests.test_waitlist_api.TestWaitlistAPI" name="test_waitlist_count" time="0.043" /><testcase classname="backend.tests.test_waitlist_api.TestLawyerInterestAPI" name="test_lawyer_interest_submission_success" time="0.039" /><testcase classname="backend.tests.test_waitlist_api.TestLawyerInterestAPI" name="test_lawyer_interest_minimal" time="0.039"><failure message="assert 520 == 200&#10; +  where 520 = &lt;Response [520]&gt;.status_code">backend/tests/test_waitlist_api.py:158: in test_lawyer_interest_minimal
    assert response.status_code == 200
E   assert 520 == 200
E    +  where 520 = &lt;Response [520]&gt;.status_code</failure></testcase><testcase classname="backend.tests.test_waitlist_api.TestLawyerInterestAPI" name="test_lawyer_interest_duplicate_email" time="0.080" /><testcase classname="backend.tests.test_waitlist_api.TestLawyerInterestAPI" name="test_lawyer_interest_count" time="0.041" /><testcase classname="backend.tests.test_waitlist_api.TestLawyersAPI" name="test_lawyers_list" time="0.038" /></testsuite></testsuites>